Flow report for DE2_Audio_Example
Tue Dec 03 11:59:36 2019
Quartus II 64-Bit Version 13.0.0 Build 156 04/24/2013 SJ Web Edition


---------------------
; Table of Contents ;
---------------------
  1. Legal Notice
  2. Flow Summary
  3. Flow Settings
  4. Flow Non-Default Global Settings
  5. Flow Elapsed Time
  6. Flow OS Summary
  7. Flow Log
  8. Flow Messages
  9. Flow Suppressed Messages



----------------
; Legal Notice ;
----------------
Copyright (C) 1991-2013 Altera Corporation
Your use of Altera Corporation's design tools, logic functions 
and other software and tools, and its AMPP partner logic 
functions, and any output files from any of the foregoing 
(including device programming or simulation files), and any 
associated documentation or information are expressly subject 
to the terms and conditions of the Altera Program License 
Subscription Agreement, Altera MegaCore Function License 
Agreement, or other applicable license agreement, including, 
without limitation, that your use is for the sole purpose of 
programming logic devices manufactured by Altera and sold by 
Altera or its authorized distributors.  Please refer to the 
applicable agreement for further details.



+---------------------------------------------------------------------------------+
; Flow Summary                                                                    ;
+------------------------------------+--------------------------------------------+
; Flow Status                        ; Successful - Tue Dec 03 11:59:33 2019      ;
; Quartus II 64-Bit Version          ; 13.0.0 Build 156 04/24/2013 SJ Web Edition ;
; Revision Name                      ; DE2_Audio_Example                          ;
; Top-level Entity Name              ; Audio_Controller                           ;
; Family                             ; Cyclone II                                 ;
; Device                             ; EP2C35F672C6                               ;
; Timing Models                      ; Final                                      ;
; Total logic elements               ; 338 / 33,216 ( 1 % )                       ;
;     Total combinational functions  ; 338 / 33,216 ( 1 % )                       ;
;     Dedicated logic registers      ; 222 / 33,216 ( < 1 % )                     ;
; Total registers                    ; 222                                        ;
; Total pins                         ; 142 / 475 ( 30 % )                         ;
; Total virtual pins                 ; 0                                          ;
; Total memory bits                  ; 16,384 / 483,840 ( 3 % )                   ;
; Embedded Multiplier 9-bit elements ; 0 / 70 ( 0 % )                             ;
; Total PLLs                         ; 1 / 4 ( 25 % )                             ;
+------------------------------------+--------------------------------------------+


+-----------------------------------------+
; Flow Settings                           ;
+-------------------+---------------------+
; Option            ; Setting             ;
+-------------------+---------------------+
; Start date & time ; 12/03/2019 11:59:15 ;
; Main task         ; Compilation         ;
; Revision Name     ; DE2_Audio_Example   ;
+-------------------+---------------------+


+----------------------------------------------------------------------------------------------------------------------------------------------+
; Flow Non-Default Global Settings                                                                                                             ;
+-------------------------------------+---------------------------------------+--------------------------------+------------------+------------+
; Assignment Name                     ; Value                                 ; Default Value                  ; Entity Name      ; Section Id ;
+-------------------------------------+---------------------------------------+--------------------------------+------------------+------------+
; COMPILER_SIGNATURE_ID               ; 145667773630668.157538515408972       ; --                             ; --               ; --         ;
; MAX_CORE_JUNCTION_TEMP              ; 85                                    ; --                             ; --               ; --         ;
; MIN_CORE_JUNCTION_TEMP              ; 0                                     ; --                             ; --               ; --         ;
; OPTIMIZE_HOLD_TIMING                ; All Paths                             ; IO Paths and Minimum TPD Paths ; --               ; --         ;
; PARTITION_COLOR                     ; 2147039                               ; --                             ; Audio_Controller ; Top        ;
; PARTITION_FITTER_PRESERVATION_LEVEL ; PLACEMENT_AND_ROUTING                 ; --                             ; Audio_Controller ; Top        ;
; PARTITION_NETLIST_TYPE              ; SOURCE                                ; --                             ; Audio_Controller ; Top        ;
; POWER_BOARD_THERMAL_MODEL           ; None (CONSERVATIVE)                   ; --                             ; --               ; --         ;
; POWER_PRESET_COOLING_SOLUTION       ; 23 MM HEAT SINK WITH 200 LFPM AIRFLOW ; --                             ; --               ; --         ;
; TOP_LEVEL_ENTITY                    ; Audio_Controller                      ; DE2_Audio_Example              ; --               ; --         ;
; USE_GENERATED_PHYSICAL_CONSTRAINTS  ; Off                                   ; --                             ; --               ; eda_palace ;
; VERILOG_INPUT_VERSION               ; SystemVerilog_2005                    ; Verilog_2001                   ; --               ; --         ;
; VERILOG_SHOW_LMF_MAPPING_MESSAGES   ; Off                                   ; --                             ; --               ; --         ;
+-------------------------------------+---------------------------------------+--------------------------------+------------------+------------+


+-------------------------------------------------------------------------------------------------------------------------------+
; Flow Elapsed Time                                                                                                             ;
+---------------------------+--------------+-------------------------+---------------------+------------------------------------+
; Module Name               ; Elapsed Time ; Average Processors Used ; Peak Virtual Memory ; Total CPU Time (on all processors) ;
+---------------------------+--------------+-------------------------+---------------------+------------------------------------+
; Analysis & Synthesis      ; 00:00:04     ; 1.0                     ; 4631 MB             ; 00:00:04                           ;
; Fitter                    ; 00:00:10     ; 1.0                     ; 4910 MB             ; 00:00:10                           ;
; Assembler                 ; 00:00:02     ; 1.0                     ; 4573 MB             ; 00:00:02                           ;
; TimeQuest Timing Analyzer ; 00:00:02     ; 1.0                     ; 4577 MB             ; 00:00:01                           ;
; Total                     ; 00:00:18     ; --                      ; --                  ; 00:00:17                           ;
+---------------------------+--------------+-------------------------+---------------------+------------------------------------+


+----------------------------------------------------------------------------------------+
; Flow OS Summary                                                                        ;
+---------------------------+------------------+-----------+------------+----------------+
; Module Name               ; Machine Hostname ; OS Name   ; OS Version ; Processor type ;
+---------------------------+------------------+-----------+------------+----------------+
; Analysis & Synthesis      ; DESKTOP-66S0JGS  ; Windows 7 ; 6.2        ; x86_64         ;
; Fitter                    ; DESKTOP-66S0JGS  ; Windows 7 ; 6.2        ; x86_64         ;
; Assembler                 ; DESKTOP-66S0JGS  ; Windows 7 ; 6.2        ; x86_64         ;
; TimeQuest Timing Analyzer ; DESKTOP-66S0JGS  ; Windows 7 ; 6.2        ; x86_64         ;
+---------------------------+------------------+-----------+------------+----------------+


------------
; Flow Log ;
------------
quartus_map --read_settings_files=on --write_settings_files=off DE2_Audio_Example -c DE2_Audio_Example
quartus_fit --read_settings_files=off --write_settings_files=off DE2_Audio_Example -c DE2_Audio_Example
quartus_asm --read_settings_files=off --write_settings_files=off DE2_Audio_Example -c DE2_Audio_Example
quartus_sta DE2_Audio_Example -c DE2_Audio_Example



